
[10-Mar-2014 13:31:19] PHP Notice:  Undefined index: type in /var/lib/stickshift/52e1a31950044648fc00006e/app-root/data/750094/admin/index.php on line 3
[10-Mar-2014 13:31:19] PHP Stack trace:
[10-Mar-2014 13:31:19] PHP   1. {main}() /var/lib/stickshift/52e1a31950044648fc00006e/app-root/data/750094/admin/index.php:0
[10-Mar-2014 15:18:24] PHP Parse error:  syntax error, unexpected '=', expecting ',' or ')' in /var/lib/stickshift/52e1a31950044648fc00006e/app-root/data/750094/admin/spots.php on line 20
[10-Mar-2014 15:19:45] PHP Parse error:  syntax error, unexpected '=', expecting ',' or ')' in /var/lib/stickshift/52e1a31950044648fc00006e/app-root/data/750094/admin/spots.php on line 20
[10-Mar-2014 15:20:24] PHP Parse error:  syntax error, unexpected T_WHILE, expecting ',' or ';' in /var/lib/stickshift/52e1a31950044648fc00006e/app-root/data/750094/admin/spots.php on line 35
[10-Mar-2014 15:22:19] PHP Parse error:  syntax error, unexpected T_WHILE, expecting ',' or ';' in /var/lib/stickshift/52e1a31950044648fc00006e/app-root/data/750094/admin/spots.php on line 35
[10-Mar-2014 15:43:31] PHP Parse error:  syntax error, unexpected T_WHILE, expecting ',' or ';' in /var/lib/stickshift/52e1a31950044648fc00006e/app-root/data/750094/admin/spots.php on line 34
[10-Mar-2014 15:44:03] PHP Parse error:  syntax error, unexpected $end in /var/lib/stickshift/52e1a31950044648fc00006e/app-root/data/750094/admin/spots.php on line 51
[10-Mar-2014 15:45:36] PHP Warning:  require(config.php): failed to open stream: No such file or directory in /var/lib/stickshift/52e1a31950044648fc00006e/app-root/data/750094/admin/spots.php on line 3
[10-Mar-2014 15:45:36] PHP Stack trace:
[10-Mar-2014 15:45:36] PHP   1. {main}() /var/lib/stickshift/52e1a31950044648fc00006e/app-root/data/750094/admin/spots.php:0
[10-Mar-2014 15:45:36] PHP Fatal error:  require(): Failed opening required 'config.php' (include_path='.:/usr/share/pear:/usr/share/php') in /var/lib/stickshift/52e1a31950044648fc00006e/app-root/data/750094/admin/spots.php on line 3
[10-Mar-2014 15:45:36] PHP Stack trace:
[10-Mar-2014 15:45:36] PHP   1. {main}() /var/lib/stickshift/52e1a31950044648fc00006e/app-root/data/750094/admin/spots.php:0
[10-Mar-2014 15:46:57] PHP Notice:  Undefined index: expired in /var/lib/stickshift/52e1a31950044648fc00006e/app-root/data/750094/admin/spots.php on line 37
[10-Mar-2014 15:46:57] PHP Stack trace:
[10-Mar-2014 15:46:57] PHP   1. {main}() /var/lib/stickshift/52e1a31950044648fc00006e/app-root/data/750094/admin/spots.php:0
[10-Mar-2014 15:50:26] PHP Notice:  Undefined index: expired in /var/lib/stickshift/52e1a31950044648fc00006e/app-root/data/750094/admin/spots.php on line 39
[10-Mar-2014 15:50:26] PHP Stack trace:
[10-Mar-2014 15:50:26] PHP   1. {main}() /var/lib/stickshift/52e1a31950044648fc00006e/app-root/data/750094/admin/spots.php:0
[10-Mar-2014 15:50:31] PHP Notice:  Undefined variable: lot in /var/lib/stickshift/52e1a31950044648fc00006e/app-root/data/750094/admin/spots.php on line 30
[10-Mar-2014 15:50:31] PHP Stack trace:
[10-Mar-2014 15:50:31] PHP   1. {main}() /var/lib/stickshift/52e1a31950044648fc00006e/app-root/data/750094/admin/spots.php:0
[10-Mar-2014 15:50:36] PHP Notice:  Undefined variable: lot in /var/lib/stickshift/52e1a31950044648fc00006e/app-root/data/750094/admin/spots.php on line 30
[10-Mar-2014 15:50:36] PHP Stack trace:
[10-Mar-2014 15:50:36] PHP   1. {main}() /var/lib/stickshift/52e1a31950044648fc00006e/app-root/data/750094/admin/spots.php:0
[10-Mar-2014 15:50:44] PHP Notice:  Undefined variable: lot in /var/lib/stickshift/52e1a31950044648fc00006e/app-root/data/750094/admin/spots.php on line 30
[10-Mar-2014 15:50:44] PHP Stack trace:
[10-Mar-2014 15:50:44] PHP   1. {main}() /var/lib/stickshift/52e1a31950044648fc00006e/app-root/data/750094/admin/spots.php:0
[10-Mar-2014 15:51:45] PHP Notice:  Undefined index: expired in /var/lib/stickshift/52e1a31950044648fc00006e/app-root/data/750094/admin/spots.php on line 40
[10-Mar-2014 15:51:45] PHP Stack trace:
[10-Mar-2014 15:51:45] PHP   1. {main}() /var/lib/stickshift/52e1a31950044648fc00006e/app-root/data/750094/admin/spots.php:0
[10-Mar-2014 15:51:47] PHP Notice:  Undefined variable: lot in /var/lib/stickshift/52e1a31950044648fc00006e/app-root/data/750094/admin/spots.php on line 31
[10-Mar-2014 15:51:47] PHP Stack trace:
[10-Mar-2014 15:51:47] PHP   1. {main}() /var/lib/stickshift/52e1a31950044648fc00006e/app-root/data/750094/admin/spots.php:0
[10-Mar-2014 15:51:49] PHP Notice:  Undefined variable: lot in /var/lib/stickshift/52e1a31950044648fc00006e/app-root/data/750094/admin/spots.php on line 31
[10-Mar-2014 15:51:49] PHP Stack trace:
[10-Mar-2014 15:51:49] PHP   1. {main}() /var/lib/stickshift/52e1a31950044648fc00006e/app-root/data/750094/admin/spots.php:0
[10-Mar-2014 15:51:52] PHP Notice:  Undefined variable: lot in /var/lib/stickshift/52e1a31950044648fc00006e/app-root/data/750094/admin/spots.php on line 31
[10-Mar-2014 15:51:52] PHP Stack trace:
[10-Mar-2014 15:51:52] PHP   1. {main}() /var/lib/stickshift/52e1a31950044648fc00006e/app-root/data/750094/admin/spots.php:0
[10-Mar-2014 15:53:35] PHP Parse error:  syntax error, unexpected '=', expecting ',' or ')' in /var/lib/stickshift/52e1a31950044648fc00006e/app-root/data/750094/admin/spots.php on line 23
[10-Mar-2014 15:54:33] PHP Notice:  Undefined index: lot in /var/lib/stickshift/52e1a31950044648fc00006e/app-root/data/750094/admin/spots.php on line 22
[10-Mar-2014 15:54:33] PHP Stack trace:
[10-Mar-2014 15:54:33] PHP   1. {main}() /var/lib/stickshift/52e1a31950044648fc00006e/app-root/data/750094/admin/spots.php:0
[10-Mar-2014 15:54:34] PHP Notice:  Undefined index: expired in /var/lib/stickshift/52e1a31950044648fc00006e/app-root/data/750094/admin/spots.php on line 40
[10-Mar-2014 15:54:34] PHP Stack trace:
[10-Mar-2014 15:54:34] PHP   1. {main}() /var/lib/stickshift/52e1a31950044648fc00006e/app-root/data/750094/admin/spots.php:0
[10-Mar-2014 15:54:39] PHP Notice:  Undefined index: expired in /var/lib/stickshift/52e1a31950044648fc00006e/app-root/data/750094/admin/spots.php on line 40
[10-Mar-2014 15:54:39] PHP Stack trace:
[10-Mar-2014 15:54:39] PHP   1. {main}() /var/lib/stickshift/52e1a31950044648fc00006e/app-root/data/750094/admin/spots.php:0
[10-Mar-2014 16:01:03] PHP Notice:  Undefined index: lot in /var/lib/stickshift/52e1a31950044648fc00006e/app-root/data/750094/admin/spots.php on line 22
[10-Mar-2014 16:01:03] PHP Stack trace:
[10-Mar-2014 16:01:03] PHP   1. {main}() /var/lib/stickshift/52e1a31950044648fc00006e/app-root/data/750094/admin/spots.php:0
[10-Mar-2014 16:01:03] PHP Notice:  Undefined index: expired in /var/lib/stickshift/52e1a31950044648fc00006e/app-root/data/750094/admin/spots.php on line 40
[10-Mar-2014 16:01:03] PHP Stack trace:
[10-Mar-2014 16:01:03] PHP   1. {main}() /var/lib/stickshift/52e1a31950044648fc00006e/app-root/data/750094/admin/spots.php:0
[10-Mar-2014 16:01:33] PHP Notice:  Undefined index: lot in /var/lib/stickshift/52e1a31950044648fc00006e/app-root/data/750094/admin/spots.php on line 22
[10-Mar-2014 16:01:33] PHP Stack trace:
[10-Mar-2014 16:01:33] PHP   1. {main}() /var/lib/stickshift/52e1a31950044648fc00006e/app-root/data/750094/admin/spots.php:0
[10-Mar-2014 16:01:33] PHP Notice:  Undefined index: expired in /var/lib/stickshift/52e1a31950044648fc00006e/app-root/data/750094/admin/spots.php on line 40
[10-Mar-2014 16:01:33] PHP Stack trace:
[10-Mar-2014 16:01:33] PHP   1. {main}() /var/lib/stickshift/52e1a31950044648fc00006e/app-root/data/750094/admin/spots.php:0
[10-Mar-2014 16:01:38] PHP Notice:  Undefined index: lot in /var/lib/stickshift/52e1a31950044648fc00006e/app-root/data/750094/admin/spots.php on line 22
[10-Mar-2014 16:01:38] PHP Stack trace:
[10-Mar-2014 16:01:38] PHP   1. {main}() /var/lib/stickshift/52e1a31950044648fc00006e/app-root/data/750094/admin/spots.php:0
[10-Mar-2014 16:01:38] PHP Notice:  Undefined index: expired in /var/lib/stickshift/52e1a31950044648fc00006e/app-root/data/750094/admin/spots.php on line 40
[10-Mar-2014 16:01:38] PHP Stack trace:
[10-Mar-2014 16:01:38] PHP   1. {main}() /var/lib/stickshift/52e1a31950044648fc00006e/app-root/data/750094/admin/spots.php:0
[10-Mar-2014 16:02:04] PHP Notice:  Undefined index: expired in /var/lib/stickshift/52e1a31950044648fc00006e/app-root/data/750094/admin/spots.php on line 40
[10-Mar-2014 16:02:04] PHP Stack trace:
[10-Mar-2014 16:02:04] PHP   1. {main}() /var/lib/stickshift/52e1a31950044648fc00006e/app-root/data/750094/admin/spots.php:0
[10-Mar-2014 16:02:36] PHP Notice:  Undefined index: lot in /var/lib/stickshift/52e1a31950044648fc00006e/app-root/data/750094/admin/spots.php on line 22
[10-Mar-2014 16:02:36] PHP Stack trace:
[10-Mar-2014 16:02:36] PHP   1. {main}() /var/lib/stickshift/52e1a31950044648fc00006e/app-root/data/750094/admin/spots.php:0
[10-Mar-2014 16:02:36] PHP Notice:  Undefined index: expired in /var/lib/stickshift/52e1a31950044648fc00006e/app-root/data/750094/admin/spots.php on line 40
[10-Mar-2014 16:02:36] PHP Stack trace:
[10-Mar-2014 16:02:36] PHP   1. {main}() /var/lib/stickshift/52e1a31950044648fc00006e/app-root/data/750094/admin/spots.php:0
[10-Mar-2014 16:03:05] PHP Notice:  Undefined index: lot in /var/lib/stickshift/52e1a31950044648fc00006e/app-root/data/750094/admin/spots.php on line 22
[10-Mar-2014 16:03:05] PHP Stack trace:
[10-Mar-2014 16:03:05] PHP   1. {main}() /var/lib/stickshift/52e1a31950044648fc00006e/app-root/data/750094/admin/spots.php:0
[10-Mar-2014 16:03:05] PHP Notice:  Undefined index: expired in /var/lib/stickshift/52e1a31950044648fc00006e/app-root/data/750094/admin/spots.php on line 40
[10-Mar-2014 16:03:05] PHP Stack trace:
[10-Mar-2014 16:03:05] PHP   1. {main}() /var/lib/stickshift/52e1a31950044648fc00006e/app-root/data/750094/admin/spots.php:0
[10-Mar-2014 16:03:45] PHP Notice:  Undefined index: lot in /var/lib/stickshift/52e1a31950044648fc00006e/app-root/data/750094/admin/spots.php on line 22
[10-Mar-2014 16:03:45] PHP Stack trace:
[10-Mar-2014 16:03:45] PHP   1. {main}() /var/lib/stickshift/52e1a31950044648fc00006e/app-root/data/750094/admin/spots.php:0
[10-Mar-2014 16:03:45] PHP Notice:  Undefined index: expired in /var/lib/stickshift/52e1a31950044648fc00006e/app-root/data/750094/admin/spots.php on line 40
[10-Mar-2014 16:03:45] PHP Stack trace:
[10-Mar-2014 16:03:45] PHP   1. {main}() /var/lib/stickshift/52e1a31950044648fc00006e/app-root/data/750094/admin/spots.php:0
[10-Mar-2014 16:03:59] PHP Notice:  Undefined index: lot in /var/lib/stickshift/52e1a31950044648fc00006e/app-root/data/750094/admin/spots.php on line 22
[10-Mar-2014 16:03:59] PHP Stack trace:
[10-Mar-2014 16:03:59] PHP   1. {main}() /var/lib/stickshift/52e1a31950044648fc00006e/app-root/data/750094/admin/spots.php:0
[10-Mar-2014 16:03:59] PHP Notice:  Undefined index: expired in /var/lib/stickshift/52e1a31950044648fc00006e/app-root/data/750094/admin/spots.php on line 40
[10-Mar-2014 16:03:59] PHP Stack trace:
[10-Mar-2014 16:03:59] PHP   1. {main}() /var/lib/stickshift/52e1a31950044648fc00006e/app-root/data/750094/admin/spots.php:0
[10-Mar-2014 16:07:49] PHP Notice:  Undefined index: expired in /var/lib/stickshift/52e1a31950044648fc00006e/app-root/data/750094/admin/spots.php on line 40
[10-Mar-2014 16:07:49] PHP Stack trace:
[10-Mar-2014 16:07:49] PHP   1. {main}() /var/lib/stickshift/52e1a31950044648fc00006e/app-root/data/750094/admin/spots.php:0
[10-Mar-2014 16:07:54] PHP Notice:  Undefined index: expired in /var/lib/stickshift/52e1a31950044648fc00006e/app-root/data/750094/admin/spots.php on line 40
[10-Mar-2014 16:07:54] PHP Stack trace:
[10-Mar-2014 16:07:54] PHP   1. {main}() /var/lib/stickshift/52e1a31950044648fc00006e/app-root/data/750094/admin/spots.php:0
[10-Mar-2014 16:08:05] PHP Notice:  Undefined index: expired in /var/lib/stickshift/52e1a31950044648fc00006e/app-root/data/750094/admin/spots.php on line 40
[10-Mar-2014 16:08:05] PHP Stack trace:
[10-Mar-2014 16:08:05] PHP   1. {main}() /var/lib/stickshift/52e1a31950044648fc00006e/app-root/data/750094/admin/spots.php:0
[10-Mar-2014 16:22:38] PHP Notice:  Undefined index: lot in /var/lib/stickshift/52e1a31950044648fc00006e/app-root/data/750094/admin/spots.php on line 22
[10-Mar-2014 16:22:38] PHP Stack trace:
[10-Mar-2014 16:22:38] PHP   1. {main}() /var/lib/stickshift/52e1a31950044648fc00006e/app-root/data/750094/admin/spots.php:0
[10-Mar-2014 16:22:38] PHP Notice:  Undefined index: expired in /var/lib/stickshift/52e1a31950044648fc00006e/app-root/data/750094/admin/spots.php on line 40
[10-Mar-2014 16:22:38] PHP Stack trace:
[10-Mar-2014 16:22:38] PHP   1. {main}() /var/lib/stickshift/52e1a31950044648fc00006e/app-root/data/750094/admin/spots.php:0
[10-Mar-2014 16:22:47] PHP Notice:  Undefined index: lot in /var/lib/stickshift/52e1a31950044648fc00006e/app-root/data/750094/admin/spots.php on line 22
[10-Mar-2014 16:22:47] PHP Stack trace:
[10-Mar-2014 16:22:47] PHP   1. {main}() /var/lib/stickshift/52e1a31950044648fc00006e/app-root/data/750094/admin/spots.php:0
[10-Mar-2014 16:22:47] PHP Notice:  Undefined index: expired in /var/lib/stickshift/52e1a31950044648fc00006e/app-root/data/750094/admin/spots.php on line 40
[10-Mar-2014 16:22:47] PHP Stack trace:
[10-Mar-2014 16:22:47] PHP   1. {main}() /var/lib/stickshift/52e1a31950044648fc00006e/app-root/data/750094/admin/spots.php:0
[10-Mar-2014 16:23:55] PHP Notice:  Undefined index: expired in /var/lib/stickshift/52e1a31950044648fc00006e/app-root/data/750094/admin/spots.php on line 40
[10-Mar-2014 16:23:55] PHP Stack trace:
[10-Mar-2014 16:23:55] PHP   1. {main}() /var/lib/stickshift/52e1a31950044648fc00006e/app-root/data/750094/admin/spots.php:0
[10-Mar-2014 16:24:15] PHP Notice:  Undefined index: lot in /var/lib/stickshift/52e1a31950044648fc00006e/app-root/data/750094/admin/spots.php on line 22
[10-Mar-2014 16:24:15] PHP Stack trace:
[10-Mar-2014 16:24:15] PHP   1. {main}() /var/lib/stickshift/52e1a31950044648fc00006e/app-root/data/750094/admin/spots.php:0
[10-Mar-2014 16:24:15] PHP Notice:  Undefined index: expired in /var/lib/stickshift/52e1a31950044648fc00006e/app-root/data/750094/admin/spots.php on line 40
[10-Mar-2014 16:24:15] PHP Stack trace:
[10-Mar-2014 16:24:15] PHP   1. {main}() /var/lib/stickshift/52e1a31950044648fc00006e/app-root/data/750094/admin/spots.php:0
[10-Mar-2014 16:25:06] PHP Notice:  Undefined index: expired in /var/lib/stickshift/52e1a31950044648fc00006e/app-root/data/750094/admin/spots.php on line 40
[10-Mar-2014 16:25:06] PHP Stack trace:
[10-Mar-2014 16:25:06] PHP   1. {main}() /var/lib/stickshift/52e1a31950044648fc00006e/app-root/data/750094/admin/spots.php:0
[10-Mar-2014 16:26:08] PHP Notice:  Undefined index: lot in /var/lib/stickshift/52e1a31950044648fc00006e/app-root/data/750094/admin/spots.php on line 22
[10-Mar-2014 16:26:08] PHP Stack trace:
[10-Mar-2014 16:26:08] PHP   1. {main}() /var/lib/stickshift/52e1a31950044648fc00006e/app-root/data/750094/admin/spots.php:0
[10-Mar-2014 16:26:08] PHP Notice:  Undefined index: expired in /var/lib/stickshift/52e1a31950044648fc00006e/app-root/data/750094/admin/spots.php on line 40
[10-Mar-2014 16:26:08] PHP Stack trace:
[10-Mar-2014 16:26:08] PHP   1. {main}() /var/lib/stickshift/52e1a31950044648fc00006e/app-root/data/750094/admin/spots.php:0
[11-Mar-2014 13:19:33] PHP Notice:  Undefined index: type in /var/lib/stickshift/52e1a31950044648fc00006e/app-root/data/750094/admin/index.php on line 3
[11-Mar-2014 13:19:33] PHP Stack trace:
[11-Mar-2014 13:19:33] PHP   1. {main}() /var/lib/stickshift/52e1a31950044648fc00006e/app-root/data/750094/admin/index.php:0
[11-Mar-2014 13:20:04] PHP Notice:  Undefined index: lot in /var/lib/stickshift/52e1a31950044648fc00006e/app-root/data/750094/admin/spots.php on line 22
[11-Mar-2014 13:20:04] PHP Stack trace:
[11-Mar-2014 13:20:04] PHP   1. {main}() /var/lib/stickshift/52e1a31950044648fc00006e/app-root/data/750094/admin/spots.php:0
[11-Mar-2014 13:20:04] PHP Notice:  Undefined index: expired in /var/lib/stickshift/52e1a31950044648fc00006e/app-root/data/750094/admin/spots.php on line 40
[11-Mar-2014 13:20:04] PHP Stack trace:
[11-Mar-2014 13:20:04] PHP   1. {main}() /var/lib/stickshift/52e1a31950044648fc00006e/app-root/data/750094/admin/spots.php:0
[11-Mar-2014 13:20:11] PHP Notice:  Undefined index: expired in /var/lib/stickshift/52e1a31950044648fc00006e/app-root/data/750094/admin/spots.php on line 40
[11-Mar-2014 13:20:11] PHP Stack trace:
[11-Mar-2014 13:20:11] PHP   1. {main}() /var/lib/stickshift/52e1a31950044648fc00006e/app-root/data/750094/admin/spots.php:0
[11-Mar-2014 13:20:17] PHP Notice:  Undefined index: expired in /var/lib/stickshift/52e1a31950044648fc00006e/app-root/data/750094/admin/spots.php on line 40
[11-Mar-2014 13:20:17] PHP Stack trace:
[11-Mar-2014 13:20:17] PHP   1. {main}() /var/lib/stickshift/52e1a31950044648fc00006e/app-root/data/750094/admin/spots.php:0
[11-Mar-2014 13:27:35] PHP Notice:  Undefined index: lot in /var/lib/stickshift/52e1a31950044648fc00006e/app-root/data/750094/admin/spots.php on line 22
[11-Mar-2014 13:27:35] PHP Stack trace:
[11-Mar-2014 13:27:35] PHP   1. {main}() /var/lib/stickshift/52e1a31950044648fc00006e/app-root/data/750094/admin/spots.php:0
[11-Mar-2014 13:27:35] PHP Notice:  Undefined index: expired in /var/lib/stickshift/52e1a31950044648fc00006e/app-root/data/750094/admin/spots.php on line 40
[11-Mar-2014 13:27:35] PHP Stack trace:
[11-Mar-2014 13:27:35] PHP   1. {main}() /var/lib/stickshift/52e1a31950044648fc00006e/app-root/data/750094/admin/spots.php:0
[11-Mar-2014 13:30:03] PHP Notice:  Undefined index: expired in /var/lib/stickshift/52e1a31950044648fc00006e/app-root/data/750094/admin/spots.php on line 40
[11-Mar-2014 13:30:03] PHP Stack trace:
[11-Mar-2014 13:30:03] PHP   1. {main}() /var/lib/stickshift/52e1a31950044648fc00006e/app-root/data/750094/admin/spots.php:0
[11-Mar-2014 13:30:13] PHP Notice:  Undefined index: lot in /var/lib/stickshift/52e1a31950044648fc00006e/app-root/data/750094/admin/spots.php on line 22
[11-Mar-2014 13:30:13] PHP Stack trace:
[11-Mar-2014 13:30:13] PHP   1. {main}() /var/lib/stickshift/52e1a31950044648fc00006e/app-root/data/750094/admin/spots.php:0
[11-Mar-2014 13:30:13] PHP Notice:  Undefined index: expired in /var/lib/stickshift/52e1a31950044648fc00006e/app-root/data/750094/admin/spots.php on line 40
[11-Mar-2014 13:30:13] PHP Stack trace:
[11-Mar-2014 13:30:13] PHP   1. {main}() /var/lib/stickshift/52e1a31950044648fc00006e/app-root/data/750094/admin/spots.php:0
[11-Mar-2014 13:30:44] PHP Notice:  Undefined index: expired in /var/lib/stickshift/52e1a31950044648fc00006e/app-root/data/750094/admin/spots.php on line 40
[11-Mar-2014 13:30:44] PHP Stack trace:
[11-Mar-2014 13:30:44] PHP   1. {main}() /var/lib/stickshift/52e1a31950044648fc00006e/app-root/data/750094/admin/spots.php:0
[11-Mar-2014 13:30:47] PHP Notice:  Undefined index: lot in /var/lib/stickshift/52e1a31950044648fc00006e/app-root/data/750094/admin/spots.php on line 22
[11-Mar-2014 13:30:47] PHP Stack trace:
[11-Mar-2014 13:30:47] PHP   1. {main}() /var/lib/stickshift/52e1a31950044648fc00006e/app-root/data/750094/admin/spots.php:0
[11-Mar-2014 13:30:47] PHP Notice:  Undefined index: expired in /var/lib/stickshift/52e1a31950044648fc00006e/app-root/data/750094/admin/spots.php on line 40
[11-Mar-2014 13:30:47] PHP Stack trace:
[11-Mar-2014 13:30:47] PHP   1. {main}() /var/lib/stickshift/52e1a31950044648fc00006e/app-root/data/750094/admin/spots.php:0
[11-Mar-2014 13:30:51] PHP Notice:  Undefined index: lot in /var/lib/stickshift/52e1a31950044648fc00006e/app-root/data/750094/admin/spots.php on line 22
[11-Mar-2014 13:30:51] PHP Stack trace:
[11-Mar-2014 13:30:51] PHP   1. {main}() /var/lib/stickshift/52e1a31950044648fc00006e/app-root/data/750094/admin/spots.php:0
[11-Mar-2014 13:30:51] PHP Notice:  Undefined index: expired in /var/lib/stickshift/52e1a31950044648fc00006e/app-root/data/750094/admin/spots.php on line 40
[11-Mar-2014 13:30:51] PHP Stack trace:
[11-Mar-2014 13:30:51] PHP   1. {main}() /var/lib/stickshift/52e1a31950044648fc00006e/app-root/data/750094/admin/spots.php:0
[11-Mar-2014 13:31:00] PHP Notice:  Undefined index: expired in /var/lib/stickshift/52e1a31950044648fc00006e/app-root/data/750094/admin/spots.php on line 40
[11-Mar-2014 13:31:00] PHP Stack trace:
[11-Mar-2014 13:31:00] PHP   1. {main}() /var/lib/stickshift/52e1a31950044648fc00006e/app-root/data/750094/admin/spots.php:0
[11-Mar-2014 13:31:03] PHP Notice:  Undefined index: expired in /var/lib/stickshift/52e1a31950044648fc00006e/app-root/data/750094/admin/spots.php on line 40
[11-Mar-2014 13:31:03] PHP Stack trace:
[11-Mar-2014 13:31:03] PHP   1. {main}() /var/lib/stickshift/52e1a31950044648fc00006e/app-root/data/750094/admin/spots.php:0
[11-Mar-2014 13:31:28] PHP Notice:  Undefined index: expired in /var/lib/stickshift/52e1a31950044648fc00006e/app-root/data/750094/admin/spots.php on line 40
[11-Mar-2014 13:31:28] PHP Stack trace:
[11-Mar-2014 13:31:28] PHP   1. {main}() /var/lib/stickshift/52e1a31950044648fc00006e/app-root/data/750094/admin/spots.php:0
[11-Mar-2014 13:35:53] PHP Notice:  Undefined index: lot in /var/lib/stickshift/52e1a31950044648fc00006e/app-root/data/750094/admin/spots.php on line 22
[11-Mar-2014 13:35:53] PHP Stack trace:
[11-Mar-2014 13:35:53] PHP   1. {main}() /var/lib/stickshift/52e1a31950044648fc00006e/app-root/data/750094/admin/spots.php:0
[11-Mar-2014 13:35:53] PHP Notice:  Undefined index: expired in /var/lib/stickshift/52e1a31950044648fc00006e/app-root/data/750094/admin/spots.php on line 40
[11-Mar-2014 13:35:53] PHP Stack trace:
[11-Mar-2014 13:35:53] PHP   1. {main}() /var/lib/stickshift/52e1a31950044648fc00006e/app-root/data/750094/admin/spots.php:0
[11-Mar-2014 13:35:53] PHP Warning:  strtotime(): It is not safe to rely on the system's timezone settings. You are *required* to use the date.timezone setting or the date_default_timezone_set() function. In case you used any of those methods and you are still getting this warning, you most likely misspelled the timezone identifier. We selected 'America/New_York' for 'EDT/-4.0/DST' instead in /var/lib/stickshift/52e1a31950044648fc00006e/app-root/data/750094/admin/spots.php on line 40
[11-Mar-2014 13:35:53] PHP Stack trace:
[11-Mar-2014 13:35:53] PHP   1. {main}() /var/lib/stickshift/52e1a31950044648fc00006e/app-root/data/750094/admin/spots.php:0
[11-Mar-2014 13:35:53] PHP   2. strtotime() /var/lib/stickshift/52e1a31950044648fc00006e/app-root/data/750094/admin/spots.php:40
[11-Mar-2014 13:35:53] PHP Notice:  Undefined index: expired in /var/lib/stickshift/52e1a31950044648fc00006e/app-root/data/750094/admin/spots.php on line 40
[11-Mar-2014 13:35:53] PHP Stack trace:
[11-Mar-2014 13:35:53] PHP   1. {main}() /var/lib/stickshift/52e1a31950044648fc00006e/app-root/data/750094/admin/spots.php:0
[11-Mar-2014 13:35:53] PHP Warning:  strtotime(): It is not safe to rely on the system's timezone settings. You are *required* to use the date.timezone setting or the date_default_timezone_set() function. In case you used any of those methods and you are still getting this warning, you most likely misspelled the timezone identifier. We selected 'America/New_York' for 'EDT/-4.0/DST' instead in /var/lib/stickshift/52e1a31950044648fc00006e/app-root/data/750094/admin/spots.php on line 40
[11-Mar-2014 13:35:53] PHP Stack trace:
[11-Mar-2014 13:35:53] PHP   1. {main}() /var/lib/stickshift/52e1a31950044648fc00006e/app-root/data/750094/admin/spots.php:0
[11-Mar-2014 13:35:53] PHP   2. strtotime() /var/lib/stickshift/52e1a31950044648fc00006e/app-root/data/750094/admin/spots.php:40
[11-Mar-2014 13:36:36] PHP Notice:  Undefined index: expired in /var/lib/stickshift/52e1a31950044648fc00006e/app-root/data/750094/admin/spots.php on line 40
[11-Mar-2014 13:36:36] PHP Stack trace:
[11-Mar-2014 13:36:36] PHP   1. {main}() /var/lib/stickshift/52e1a31950044648fc00006e/app-root/data/750094/admin/spots.php:0
[11-Mar-2014 13:36:36] PHP Warning:  strtotime(): It is not safe to rely on the system's timezone settings. You are *required* to use the date.timezone setting or the date_default_timezone_set() function. In case you used any of those methods and you are still getting this warning, you most likely misspelled the timezone identifier. We selected 'America/New_York' for 'EDT/-4.0/DST' instead in /var/lib/stickshift/52e1a31950044648fc00006e/app-root/data/750094/admin/spots.php on line 40
[11-Mar-2014 13:36:36] PHP Stack trace:
[11-Mar-2014 13:36:36] PHP   1. {main}() /var/lib/stickshift/52e1a31950044648fc00006e/app-root/data/750094/admin/spots.php:0
[11-Mar-2014 13:36:36] PHP   2. strtotime() /var/lib/stickshift/52e1a31950044648fc00006e/app-root/data/750094/admin/spots.php:40
[11-Mar-2014 13:36:36] PHP Notice:  Undefined index: expired in /var/lib/stickshift/52e1a31950044648fc00006e/app-root/data/750094/admin/spots.php on line 46
[11-Mar-2014 13:36:36] PHP Stack trace:
[11-Mar-2014 13:36:36] PHP   1. {main}() /var/lib/stickshift/52e1a31950044648fc00006e/app-root/data/750094/admin/spots.php:0
[11-Mar-2014 13:36:36] PHP Notice:  Undefined index: expired in /var/lib/stickshift/52e1a31950044648fc00006e/app-root/data/750094/admin/spots.php on line 46
[11-Mar-2014 13:36:36] PHP Stack trace:
[11-Mar-2014 13:36:36] PHP   1. {main}() /var/lib/stickshift/52e1a31950044648fc00006e/app-root/data/750094/admin/spots.php:0
[11-Mar-2014 13:36:36] PHP Notice:  Undefined index: expired in /var/lib/stickshift/52e1a31950044648fc00006e/app-root/data/750094/admin/spots.php on line 40
[11-Mar-2014 13:36:36] PHP Stack trace:
[11-Mar-2014 13:36:36] PHP   1. {main}() /var/lib/stickshift/52e1a31950044648fc00006e/app-root/data/750094/admin/spots.php:0
[11-Mar-2014 13:36:36] PHP Warning:  strtotime(): It is not safe to rely on the system's timezone settings. You are *required* to use the date.timezone setting or the date_default_timezone_set() function. In case you used any of those methods and you are still getting this warning, you most likely misspelled the timezone identifier. We selected 'America/New_York' for 'EDT/-4.0/DST' instead in /var/lib/stickshift/52e1a31950044648fc00006e/app-root/data/750094/admin/spots.php on line 40
[11-Mar-2014 13:36:36] PHP Stack trace:
[11-Mar-2014 13:36:36] PHP   1. {main}() /var/lib/stickshift/52e1a31950044648fc00006e/app-root/data/750094/admin/spots.php:0
[11-Mar-2014 13:36:36] PHP   2. strtotime() /var/lib/stickshift/52e1a31950044648fc00006e/app-root/data/750094/admin/spots.php:40
[11-Mar-2014 13:36:36] PHP Notice:  Undefined index: expired in /var/lib/stickshift/52e1a31950044648fc00006e/app-root/data/750094/admin/spots.php on line 46
[11-Mar-2014 13:36:36] PHP Stack trace:
[11-Mar-2014 13:36:36] PHP   1. {main}() /var/lib/stickshift/52e1a31950044648fc00006e/app-root/data/750094/admin/spots.php:0
[11-Mar-2014 13:37:13] PHP Warning:  strtotime(): It is not safe to rely on the system's timezone settings. You are *required* to use the date.timezone setting or the date_default_timezone_set() function. In case you used any of those methods and you are still getting this warning, you most likely misspelled the timezone identifier. We selected 'America/New_York' for 'EDT/-4.0/DST' instead in /var/lib/stickshift/52e1a31950044648fc00006e/app-root/data/750094/admin/spots.php on line 40
[11-Mar-2014 13:37:13] PHP Stack trace:
[11-Mar-2014 13:37:13] PHP   1. {main}() /var/lib/stickshift/52e1a31950044648fc00006e/app-root/data/750094/admin/spots.php:0
[11-Mar-2014 13:37:13] PHP   2. strtotime() /var/lib/stickshift/52e1a31950044648fc00006e/app-root/data/750094/admin/spots.php:40
[11-Mar-2014 13:37:13] PHP Warning:  strtotime(): It is not safe to rely on the system's timezone settings. You are *required* to use the date.timezone setting or the date_default_timezone_set() function. In case you used any of those methods and you are still getting this warning, you most likely misspelled the timezone identifier. We selected 'America/New_York' for 'EDT/-4.0/DST' instead in /var/lib/stickshift/52e1a31950044648fc00006e/app-root/data/750094/admin/spots.php on line 40
[11-Mar-2014 13:37:13] PHP Stack trace:
[11-Mar-2014 13:37:13] PHP   1. {main}() /var/lib/stickshift/52e1a31950044648fc00006e/app-root/data/750094/admin/spots.php:0
[11-Mar-2014 13:37:13] PHP   2. strtotime() /var/lib/stickshift/52e1a31950044648fc00006e/app-root/data/750094/admin/spots.php:40
[11-Mar-2014 13:37:37] PHP Warning:  strtotime(): It is not safe to rely on the system's timezone settings. You are *required* to use the date.timezone setting or the date_default_timezone_set() function. In case you used any of those methods and you are still getting this warning, you most likely misspelled the timezone identifier. We selected 'America/New_York' for 'EDT/-4.0/DST' instead in /var/lib/stickshift/52e1a31950044648fc00006e/app-root/data/750094/admin/spots.php on line 40
[11-Mar-2014 13:37:37] PHP Stack trace:
[11-Mar-2014 13:37:37] PHP   1. {main}() /var/lib/stickshift/52e1a31950044648fc00006e/app-root/data/750094/admin/spots.php:0
[11-Mar-2014 13:37:37] PHP   2. strtotime() /var/lib/stickshift/52e1a31950044648fc00006e/app-root/data/750094/admin/spots.php:40
[11-Mar-2014 13:37:37] PHP Warning:  strtotime(): It is not safe to rely on the system's timezone settings. You are *required* to use the date.timezone setting or the date_default_timezone_set() function. In case you used any of those methods and you are still getting this warning, you most likely misspelled the timezone identifier. We selected 'America/New_York' for 'EDT/-4.0/DST' instead in /var/lib/stickshift/52e1a31950044648fc00006e/app-root/data/750094/admin/spots.php on line 40
[11-Mar-2014 13:37:37] PHP Stack trace:
[11-Mar-2014 13:37:37] PHP   1. {main}() /var/lib/stickshift/52e1a31950044648fc00006e/app-root/data/750094/admin/spots.php:0
[11-Mar-2014 13:37:37] PHP   2. strtotime() /var/lib/stickshift/52e1a31950044648fc00006e/app-root/data/750094/admin/spots.php:40
[11-Mar-2014 13:47:38] PHP Notice:  Undefined index: lot in /var/lib/stickshift/52e1a31950044648fc00006e/app-root/data/750094/admin/spots.php on line 20
[11-Mar-2014 13:47:38] PHP Stack trace:
[11-Mar-2014 13:47:38] PHP   1. {main}() /var/lib/stickshift/52e1a31950044648fc00006e/app-root/data/750094/admin/spots.php:0
[11-Mar-2014 13:47:38] PHP Warning:  strtotime(): It is not safe to rely on the system's timezone settings. You are *required* to use the date.timezone setting or the date_default_timezone_set() function. In case you used any of those methods and you are still getting this warning, you most likely misspelled the timezone identifier. We selected 'America/New_York' for 'EDT/-4.0/DST' instead in /var/lib/stickshift/52e1a31950044648fc00006e/app-root/data/750094/admin/spots.php on line 38
[11-Mar-2014 13:47:38] PHP Stack trace:
[11-Mar-2014 13:47:38] PHP   1. {main}() /var/lib/stickshift/52e1a31950044648fc00006e/app-root/data/750094/admin/spots.php:0
[11-Mar-2014 13:47:38] PHP   2. strtotime() /var/lib/stickshift/52e1a31950044648fc00006e/app-root/data/750094/admin/spots.php:38
[11-Mar-2014 13:47:38] PHP Warning:  strtotime(): It is not safe to rely on the system's timezone settings. You are *required* to use the date.timezone setting or the date_default_timezone_set() function. In case you used any of those methods and you are still getting this warning, you most likely misspelled the timezone identifier. We selected 'America/New_York' for 'EDT/-4.0/DST' instead in /var/lib/stickshift/52e1a31950044648fc00006e/app-root/data/750094/admin/spots.php on line 38
[11-Mar-2014 13:47:38] PHP Stack trace:
[11-Mar-2014 13:47:38] PHP   1. {main}() /var/lib/stickshift/52e1a31950044648fc00006e/app-root/data/750094/admin/spots.php:0
[11-Mar-2014 13:47:38] PHP   2. strtotime() /var/lib/stickshift/52e1a31950044648fc00006e/app-root/data/750094/admin/spots.php:38
[11-Mar-2014 13:47:42] PHP Warning:  strtotime(): It is not safe to rely on the system's timezone settings. You are *required* to use the date.timezone setting or the date_default_timezone_set() function. In case you used any of those methods and you are still getting this warning, you most likely misspelled the timezone identifier. We selected 'America/New_York' for 'EDT/-4.0/DST' instead in /var/lib/stickshift/52e1a31950044648fc00006e/app-root/data/750094/admin/spots.php on line 38
[11-Mar-2014 13:47:42] PHP Stack trace:
[11-Mar-2014 13:47:42] PHP   1. {main}() /var/lib/stickshift/52e1a31950044648fc00006e/app-root/data/750094/admin/spots.php:0
[11-Mar-2014 13:47:42] PHP   2. strtotime() /var/lib/stickshift/52e1a31950044648fc00006e/app-root/data/750094/admin/spots.php:38
